<?xml version="1.0" encoding="UTF-8"?>
<!-- Generated by org.testng.reporters.JUnitReportReporter -->
<testsuite hostname="LIN-5CG1469DTC" failures="0" tests="1" name="TestCases.LoginTestCase" time="13.481" errors="0" timestamp="2024-03-22T12:15:05 IST" skipped="0">
  <testcase classname="TestCases.LoginTestCase" name="Program" time="13.481"/>
</testsuite> <!-- TestCases.LoginTestCase -->
